2021-06-20 10:17:31.936 -06:00 [INF] API Starting up.
2021-06-20 10:17:32.248 -06:00 [INF] Now listening on: http://127.0.0.1:29691
2021-06-20 10:17:32.251 -06:00 [INF] Application started. Press Ctrl+C to shut down.
2021-06-20 10:17:32.251 -06:00 [INF] Hosting environment: Development
2021-06-20 10:17:32.251 -06:00 [INF] Content root path: C:\Users\Wenbiao\source\repos\mnp-technical-challenge\ContactManager\ContactManager.API
2021-06-20 10:17:32.450 -06:00 [INF] Request starting HTTP/1.1 GET http://localhost:44308/Company?isActive=True - -
2021-06-20 10:17:32.502 -06:00 [INF] Executing endpoint 'ContactManager.API.Controllers.CompanyController.Get (ContactManager.API)'
2021-06-20 10:17:32.531 -06:00 [INF] Route matched with {action = "Get", controller = "Company"}. Executing controller action with signature System.Threading.Tasks.Task`1[System.Collections.Generic.IEnumerable`1[ContactManager.Repository.Models.Company]] Get(Boolean) on controller ContactManager.API.Controllers.CompanyController (ContactManager.API).
2021-06-20 10:17:32.549 -06:00 [INF] Executing ObjectResult, writing value of type 'System.Linq.OrderedEnumerable`2[[ContactManager.Repository.Models.Company, ContactManager.Repository, Version=1.0.0.0, Culture=neutral, PublicKeyToken=null],[System.String, System.Private.CoreLib, Version=5.0.0.0, Culture=neutral, PublicKeyToken=7cec85d7bea7798e]]'.
2021-06-20 10:17:32.583 -06:00 [INF] Executed action ContactManager.API.Controllers.CompanyController.Get (ContactManager.API) in 47.2832ms
2021-06-20 10:17:32.586 -06:00 [INF] Executed endpoint 'ContactManager.API.Controllers.CompanyController.Get (ContactManager.API)'
2021-06-20 10:17:32.589 -06:00 [INF] Request finished HTTP/1.1 GET http://localhost:44308/Company?isActive=True - - - 200 - application/json;+charset=utf-8 140.7085ms
2021-06-20 10:22:11.875 -06:00 [INF] Request starting HTTP/1.1 PUT http://localhost:44308/Contact/Update application/json;+charset=utf-8 159
2021-06-20 10:22:11.878 -06:00 [INF] Executing endpoint 'ContactManager.API.Controllers.ContactController.UpdateContact (ContactManager.API)'
2021-06-20 10:22:11.882 -06:00 [INF] Route matched with {action = "UpdateContact", controller = "Contact"}. Executing controller action with signature System.Threading.Tasks.Task`1[Microsoft.AspNetCore.Mvc.ActionResult`1[ContactManager.Repository.Models.RequestResult`1[ContactManager.Repository.Models.Contact]]] UpdateContact(ContactManager.Repository.Models.Contact) on controller ContactManager.API.Controllers.ContactController (ContactManager.API).
2021-06-20 10:22:11.904 -06:00 [INF] Executing ObjectResult, writing value of type 'ContactManager.Repository.Models.RequestResult`1[[ContactManager.Repository.Models.Contact, ContactManager.Repository, Version=1.0.0.0, Culture=neutral, PublicKeyToken=null]]'.
2021-06-20 10:22:11.909 -06:00 [INF] Executed action ContactManager.API.Controllers.ContactController.UpdateContact (ContactManager.API) in 27.5049ms
2021-06-20 10:22:11.910 -06:00 [INF] Executed endpoint 'ContactManager.API.Controllers.ContactController.UpdateContact (ContactManager.API)'
2021-06-20 10:22:11.910 -06:00 [INF] Request finished HTTP/1.1 PUT http://localhost:44308/Contact/Update application/json;+charset=utf-8 159 - 200 - application/json;+charset=utf-8 34.6560ms
2021-06-20 10:22:12.003 -06:00 [INF] Request starting HTTP/1.1 GET http://localhost:44308/Company?isActive=True - -
2021-06-20 10:22:12.003 -06:00 [INF] Executing endpoint 'ContactManager.API.Controllers.CompanyController.Get (ContactManager.API)'
2021-06-20 10:22:12.004 -06:00 [INF] Route matched with {action = "Get", controller = "Company"}. Executing controller action with signature System.Threading.Tasks.Task`1[System.Collections.Generic.IEnumerable`1[ContactManager.Repository.Models.Company]] Get(Boolean) on controller ContactManager.API.Controllers.CompanyController (ContactManager.API).
2021-06-20 10:22:12.004 -06:00 [INF] Executing ObjectResult, writing value of type 'System.Linq.OrderedEnumerable`2[[ContactManager.Repository.Models.Company, ContactManager.Repository, Version=1.0.0.0, Culture=neutral, PublicKeyToken=null],[System.String, System.Private.CoreLib, Version=5.0.0.0, Culture=neutral, PublicKeyToken=7cec85d7bea7798e]]'.
2021-06-20 10:22:12.005 -06:00 [INF] Executed action ContactManager.API.Controllers.CompanyController.Get (ContactManager.API) in 0.8167ms
2021-06-20 10:22:12.005 -06:00 [INF] Executed endpoint 'ContactManager.API.Controllers.CompanyController.Get (ContactManager.API)'
2021-06-20 10:22:12.005 -06:00 [INF] Request finished HTTP/1.1 GET http://localhost:44308/Company?isActive=True - - - 200 - application/json;+charset=utf-8 2.0596ms
2021-06-20 10:22:56.332 -06:00 [INF] Request starting HTTP/1.1 PUT http://localhost:44308/Contact/Update application/json;+charset=utf-8 159
2021-06-20 10:22:56.333 -06:00 [INF] Executing endpoint 'ContactManager.API.Controllers.ContactController.UpdateContact (ContactManager.API)'
2021-06-20 10:22:56.333 -06:00 [INF] Route matched with {action = "UpdateContact", controller = "Contact"}. Executing controller action with signature System.Threading.Tasks.Task`1[Microsoft.AspNetCore.Mvc.ActionResult`1[ContactManager.Repository.Models.RequestResult`1[ContactManager.Repository.Models.Contact]]] UpdateContact(ContactManager.Repository.Models.Contact) on controller ContactManager.API.Controllers.ContactController (ContactManager.API).
2021-06-20 10:22:56.351 -06:00 [INF] Executing ObjectResult, writing value of type 'ContactManager.Repository.Models.RequestResult`1[[ContactManager.Repository.Models.Contact, ContactManager.Repository, Version=1.0.0.0, Culture=neutral, PublicKeyToken=null]]'.
2021-06-20 10:22:56.351 -06:00 [INF] Executed action ContactManager.API.Controllers.ContactController.UpdateContact (ContactManager.API) in 17.7456ms
2021-06-20 10:22:56.351 -06:00 [INF] Executed endpoint 'ContactManager.API.Controllers.ContactController.UpdateContact (ContactManager.API)'
2021-06-20 10:22:56.351 -06:00 [INF] Request finished HTTP/1.1 PUT http://localhost:44308/Contact/Update application/json;+charset=utf-8 159 - 200 - application/json;+charset=utf-8 19.4162ms
2021-06-20 10:23:03.734 -06:00 [INF] Request starting HTTP/1.1 GET http://localhost:44308/Company?isActive=True - -
2021-06-20 10:23:03.734 -06:00 [INF] Executing endpoint 'ContactManager.API.Controllers.CompanyController.Get (ContactManager.API)'
2021-06-20 10:23:03.735 -06:00 [INF] Route matched with {action = "Get", controller = "Company"}. Executing controller action with signature System.Threading.Tasks.Task`1[System.Collections.Generic.IEnumerable`1[ContactManager.Repository.Models.Company]] Get(Boolean) on controller ContactManager.API.Controllers.CompanyController (ContactManager.API).
2021-06-20 10:23:03.735 -06:00 [INF] Executing ObjectResult, writing value of type 'System.Linq.OrderedEnumerable`2[[ContactManager.Repository.Models.Company, ContactManager.Repository, Version=1.0.0.0, Culture=neutral, PublicKeyToken=null],[System.String, System.Private.CoreLib, Version=5.0.0.0, Culture=neutral, PublicKeyToken=7cec85d7bea7798e]]'.
2021-06-20 10:23:03.735 -06:00 [INF] Executed action ContactManager.API.Controllers.CompanyController.Get (ContactManager.API) in 0.6785ms
2021-06-20 10:23:03.735 -06:00 [INF] Executed endpoint 'ContactManager.API.Controllers.CompanyController.Get (ContactManager.API)'
2021-06-20 10:23:03.736 -06:00 [INF] Request finished HTTP/1.1 GET http://localhost:44308/Company?isActive=True - - - 200 - application/json;+charset=utf-8 1.3328ms
2021-06-20 10:26:50.105 -06:00 [INF] Request starting HTTP/1.1 PUT http://localhost:44308/Contact/Update application/json;+charset=utf-8 159
2021-06-20 10:26:50.105 -06:00 [INF] Executing endpoint 'ContactManager.API.Controllers.ContactController.UpdateContact (ContactManager.API)'
2021-06-20 10:26:50.105 -06:00 [INF] Route matched with {action = "UpdateContact", controller = "Contact"}. Executing controller action with signature System.Threading.Tasks.Task`1[Microsoft.AspNetCore.Mvc.ActionResult`1[ContactManager.Repository.Models.RequestResult`1[ContactManager.Repository.Models.Contact]]] UpdateContact(ContactManager.Repository.Models.Contact) on controller ContactManager.API.Controllers.ContactController (ContactManager.API).
2021-06-20 10:26:50.125 -06:00 [INF] Executing ObjectResult, writing value of type 'ContactManager.Repository.Models.RequestResult`1[[ContactManager.Repository.Models.Contact, ContactManager.Repository, Version=1.0.0.0, Culture=neutral, PublicKeyToken=null]]'.
2021-06-20 10:26:50.126 -06:00 [INF] Executed action ContactManager.API.Controllers.ContactController.UpdateContact (ContactManager.API) in 20.4322ms
2021-06-20 10:26:50.126 -06:00 [INF] Executed endpoint 'ContactManager.API.Controllers.ContactController.UpdateContact (ContactManager.API)'
2021-06-20 10:26:50.127 -06:00 [INF] Request finished HTTP/1.1 PUT http://localhost:44308/Contact/Update application/json;+charset=utf-8 159 - 200 - application/json;+charset=utf-8 22.1660ms
2021-06-20 10:26:50.203 -06:00 [INF] Request starting HTTP/1.1 GET http://localhost:44308/Company?isActive=True - -
2021-06-20 10:26:50.204 -06:00 [INF] Executing endpoint 'ContactManager.API.Controllers.CompanyController.Get (ContactManager.API)'
2021-06-20 10:26:50.204 -06:00 [INF] Route matched with {action = "Get", controller = "Company"}. Executing controller action with signature System.Threading.Tasks.Task`1[System.Collections.Generic.IEnumerable`1[ContactManager.Repository.Models.Company]] Get(Boolean) on controller ContactManager.API.Controllers.CompanyController (ContactManager.API).
2021-06-20 10:26:50.204 -06:00 [INF] Executing ObjectResult, writing value of type 'System.Linq.OrderedEnumerable`2[[ContactManager.Repository.Models.Company, ContactManager.Repository, Version=1.0.0.0, Culture=neutral, PublicKeyToken=null],[System.String, System.Private.CoreLib, Version=5.0.0.0, Culture=neutral, PublicKeyToken=7cec85d7bea7798e]]'.
2021-06-20 10:26:50.204 -06:00 [INF] Executed action ContactManager.API.Controllers.CompanyController.Get (ContactManager.API) in 0.3749ms
2021-06-20 10:26:50.204 -06:00 [INF] Executed endpoint 'ContactManager.API.Controllers.CompanyController.Get (ContactManager.API)'
2021-06-20 10:26:50.204 -06:00 [INF] Request finished HTTP/1.1 GET http://localhost:44308/Company?isActive=True - - - 200 - application/json;+charset=utf-8 0.9705ms
2021-06-20 10:29:53.981 -06:00 [INF] Request starting HTTP/1.1 PUT http://localhost:44308/Contact/Update application/json;+charset=utf-8 159
2021-06-20 10:29:53.981 -06:00 [INF] Executing endpoint 'ContactManager.API.Controllers.ContactController.UpdateContact (ContactManager.API)'
2021-06-20 10:29:53.981 -06:00 [INF] Route matched with {action = "UpdateContact", controller = "Contact"}. Executing controller action with signature System.Threading.Tasks.Task`1[Microsoft.AspNetCore.Mvc.ActionResult`1[ContactManager.Repository.Models.RequestResult`1[ContactManager.Repository.Models.Contact]]] UpdateContact(ContactManager.Repository.Models.Contact) on controller ContactManager.API.Controllers.ContactController (ContactManager.API).
2021-06-20 10:29:54.001 -06:00 [INF] Executing ObjectResult, writing value of type 'ContactManager.Repository.Models.RequestResult`1[[ContactManager.Repository.Models.Contact, ContactManager.Repository, Version=1.0.0.0, Culture=neutral, PublicKeyToken=null]]'.
2021-06-20 10:29:54.001 -06:00 [INF] Executed action ContactManager.API.Controllers.ContactController.UpdateContact (ContactManager.API) in 19.8299ms
2021-06-20 10:29:54.001 -06:00 [INF] Executed endpoint 'ContactManager.API.Controllers.ContactController.UpdateContact (ContactManager.API)'
2021-06-20 10:29:54.002 -06:00 [INF] Request finished HTTP/1.1 PUT http://localhost:44308/Contact/Update application/json;+charset=utf-8 159 - 200 - application/json;+charset=utf-8 20.5393ms
2021-06-20 10:29:54.078 -06:00 [INF] Request starting HTTP/1.1 GET http://localhost:44308/Company?isActive=True - -
2021-06-20 10:29:54.078 -06:00 [INF] Executing endpoint 'ContactManager.API.Controllers.CompanyController.Get (ContactManager.API)'
2021-06-20 10:29:54.078 -06:00 [INF] Route matched with {action = "Get", controller = "Company"}. Executing controller action with signature System.Threading.Tasks.Task`1[System.Collections.Generic.IEnumerable`1[ContactManager.Repository.Models.Company]] Get(Boolean) on controller ContactManager.API.Controllers.CompanyController (ContactManager.API).
2021-06-20 10:29:54.078 -06:00 [INF] Executing ObjectResult, writing value of type 'System.Linq.OrderedEnumerable`2[[ContactManager.Repository.Models.Company, ContactManager.Repository, Version=1.0.0.0, Culture=neutral, PublicKeyToken=null],[System.String, System.Private.CoreLib, Version=5.0.0.0, Culture=neutral, PublicKeyToken=7cec85d7bea7798e]]'.
2021-06-20 10:29:54.078 -06:00 [INF] Executed action ContactManager.API.Controllers.CompanyController.Get (ContactManager.API) in 0.3884ms
2021-06-20 10:29:54.078 -06:00 [INF] Executed endpoint 'ContactManager.API.Controllers.CompanyController.Get (ContactManager.API)'
2021-06-20 10:29:54.078 -06:00 [INF] Request finished HTTP/1.1 GET http://localhost:44308/Company?isActive=True - - - 200 - application/json;+charset=utf-8 0.9293ms
2021-06-20 10:48:46.130 -06:00 [INF] API Starting up.
2021-06-20 10:48:46.376 -06:00 [INF] Now listening on: http://127.0.0.1:22844
2021-06-20 10:48:46.378 -06:00 [INF] Application started. Press Ctrl+C to shut down.
2021-06-20 10:48:46.378 -06:00 [INF] Hosting environment: Development
2021-06-20 10:48:46.378 -06:00 [INF] Content root path: C:\Users\Wenbiao\source\repos\mnp-technical-challenge\ContactManager\ContactManager.API
2021-06-20 10:48:46.426 -06:00 [INF] Request starting HTTP/1.1 PUT http://localhost:44308/Contact/Update application/json;+charset=utf-8 209
2021-06-20 10:48:46.461 -06:00 [INF] Executing endpoint 'ContactManager.API.Controllers.ContactController.UpdateContact (ContactManager.API)'
2021-06-20 10:48:46.490 -06:00 [INF] Route matched with {action = "UpdateContact", controller = "Contact"}. Executing controller action with signature System.Threading.Tasks.Task`1[Microsoft.AspNetCore.Mvc.ActionResult`1[ContactManager.Repository.Models.RequestResult`1[ContactManager.Repository.Models.Contact]]] UpdateContact(ContactManager.Repository.Models.Contact) on controller ContactManager.API.Controllers.ContactController (ContactManager.API).
2021-06-20 10:48:46.517 -06:00 [INF] Executing ObjectResult, writing value of type 'ContactManager.Repository.Models.RequestResult`1[[ContactManager.Repository.Models.Contact, ContactManager.Repository, Version=1.0.0.0, Culture=neutral, PublicKeyToken=null]]'.
2021-06-20 10:48:46.535 -06:00 [INF] Executed action ContactManager.API.Controllers.ContactController.UpdateContact (ContactManager.API) in 41.6598ms
2021-06-20 10:48:46.537 -06:00 [INF] Executed endpoint 'ContactManager.API.Controllers.ContactController.UpdateContact (ContactManager.API)'
2021-06-20 10:48:46.541 -06:00 [INF] Request finished HTTP/1.1 PUT http://localhost:44308/Contact/Update application/json;+charset=utf-8 209 - 200 - application/json;+charset=utf-8 117.3445ms
2021-06-20 10:49:35.704 -06:00 [INF] Request starting HTTP/1.1 PUT http://localhost:44308/Contact/Update application/json;+charset=utf-8 159
2021-06-20 10:49:35.706 -06:00 [INF] Executing endpoint 'ContactManager.API.Controllers.ContactController.UpdateContact (ContactManager.API)'
2021-06-20 10:49:35.707 -06:00 [INF] Route matched with {action = "UpdateContact", controller = "Contact"}. Executing controller action with signature System.Threading.Tasks.Task`1[Microsoft.AspNetCore.Mvc.ActionResult`1[ContactManager.Repository.Models.RequestResult`1[ContactManager.Repository.Models.Contact]]] UpdateContact(ContactManager.Repository.Models.Contact) on controller ContactManager.API.Controllers.ContactController (ContactManager.API).
2021-06-20 10:49:35.722 -06:00 [INF] Executing ObjectResult, writing value of type 'ContactManager.Repository.Models.RequestResult`1[[ContactManager.Repository.Models.Contact, ContactManager.Repository, Version=1.0.0.0, Culture=neutral, PublicKeyToken=null]]'.
2021-06-20 10:49:35.725 -06:00 [INF] Executed action ContactManager.API.Controllers.ContactController.UpdateContact (ContactManager.API) in 18.0719ms
2021-06-20 10:49:35.725 -06:00 [INF] Executed endpoint 'ContactManager.API.Controllers.ContactController.UpdateContact (ContactManager.API)'
2021-06-20 10:49:35.726 -06:00 [INF] Request finished HTTP/1.1 PUT http://localhost:44308/Contact/Update application/json;+charset=utf-8 159 - 200 - application/json;+charset=utf-8 21.9241ms
2021-06-20 10:49:35.796 -06:00 [INF] Request starting HTTP/1.1 GET http://localhost:44308/Company?isActive=True - -
2021-06-20 10:49:35.805 -06:00 [INF] Executing endpoint 'ContactManager.API.Controllers.CompanyController.Get (ContactManager.API)'
2021-06-20 10:49:35.807 -06:00 [INF] Route matched with {action = "Get", controller = "Company"}. Executing controller action with signature System.Threading.Tasks.Task`1[System.Collections.Generic.IEnumerable`1[ContactManager.Repository.Models.Company]] Get(Boolean) on controller ContactManager.API.Controllers.CompanyController (ContactManager.API).
2021-06-20 10:49:35.811 -06:00 [INF] Executing ObjectResult, writing value of type 'System.Linq.OrderedEnumerable`2[[ContactManager.Repository.Models.Company, ContactManager.Repository, Version=1.0.0.0, Culture=neutral, PublicKeyToken=null],[System.String, System.Private.CoreLib, Version=5.0.0.0, Culture=neutral, PublicKeyToken=7cec85d7bea7798e]]'.
2021-06-20 10:49:35.815 -06:00 [INF] Executed action ContactManager.API.Controllers.CompanyController.Get (ContactManager.API) in 7.5372ms
2021-06-20 10:49:35.815 -06:00 [INF] Executed endpoint 'ContactManager.API.Controllers.CompanyController.Get (ContactManager.API)'
2021-06-20 10:49:35.815 -06:00 [INF] Request finished HTTP/1.1 GET http://localhost:44308/Company?isActive=True - - - 200 - application/json;+charset=utf-8 19.5612ms
2021-06-20 10:50:26.530 -06:00 [INF] Request starting HTTP/1.1 PUT http://localhost:44308/Contact/Update application/json;+charset=utf-8 159
2021-06-20 10:50:26.530 -06:00 [INF] Executing endpoint 'ContactManager.API.Controllers.ContactController.UpdateContact (ContactManager.API)'
2021-06-20 10:50:26.530 -06:00 [INF] Route matched with {action = "UpdateContact", controller = "Contact"}. Executing controller action with signature System.Threading.Tasks.Task`1[Microsoft.AspNetCore.Mvc.ActionResult`1[ContactManager.Repository.Models.RequestResult`1[ContactManager.Repository.Models.Contact]]] UpdateContact(ContactManager.Repository.Models.Contact) on controller ContactManager.API.Controllers.ContactController (ContactManager.API).
2021-06-20 10:50:26.549 -06:00 [INF] Executing ObjectResult, writing value of type 'ContactManager.Repository.Models.RequestResult`1[[ContactManager.Repository.Models.Contact, ContactManager.Repository, Version=1.0.0.0, Culture=neutral, PublicKeyToken=null]]'.
2021-06-20 10:50:26.550 -06:00 [INF] Executed action ContactManager.API.Controllers.ContactController.UpdateContact (ContactManager.API) in 19.4435ms
2021-06-20 10:50:26.550 -06:00 [INF] Executed endpoint 'ContactManager.API.Controllers.ContactController.UpdateContact (ContactManager.API)'
2021-06-20 10:50:26.550 -06:00 [INF] Request finished HTTP/1.1 PUT http://localhost:44308/Contact/Update application/json;+charset=utf-8 159 - 200 - application/json;+charset=utf-8 20.3143ms
2021-06-20 10:50:26.626 -06:00 [INF] Request starting HTTP/1.1 GET http://localhost:44308/Company?isActive=True - -
2021-06-20 10:50:26.626 -06:00 [INF] Executing endpoint 'ContactManager.API.Controllers.CompanyController.Get (ContactManager.API)'
2021-06-20 10:50:26.627 -06:00 [INF] Route matched with {action = "Get", controller = "Company"}. Executing controller action with signature System.Threading.Tasks.Task`1[System.Collections.Generic.IEnumerable`1[ContactManager.Repository.Models.Company]] Get(Boolean) on controller ContactManager.API.Controllers.CompanyController (ContactManager.API).
2021-06-20 10:50:26.627 -06:00 [INF] Executing ObjectResult, writing value of type 'System.Linq.OrderedEnumerable`2[[ContactManager.Repository.Models.Company, ContactManager.Repository, Version=1.0.0.0, Culture=neutral, PublicKeyToken=null],[System.String, System.Private.CoreLib, Version=5.0.0.0, Culture=neutral, PublicKeyToken=7cec85d7bea7798e]]'.
2021-06-20 10:50:26.627 -06:00 [INF] Executed action ContactManager.API.Controllers.CompanyController.Get (ContactManager.API) in 0.6317ms
2021-06-20 10:50:26.627 -06:00 [INF] Executed endpoint 'ContactManager.API.Controllers.CompanyController.Get (ContactManager.API)'
2021-06-20 10:50:26.627 -06:00 [INF] Request finished HTTP/1.1 GET http://localhost:44308/Company?isActive=True - - - 200 - application/json;+charset=utf-8 1.3180ms
2021-06-20 10:50:44.212 -06:00 [INF] Request starting HTTP/1.1 PUT http://localhost:44308/Contact/Update application/json;+charset=utf-8 209
2021-06-20 10:50:44.212 -06:00 [INF] Executing endpoint 'ContactManager.API.Controllers.ContactController.UpdateContact (ContactManager.API)'
2021-06-20 10:50:44.212 -06:00 [INF] Route matched with {action = "UpdateContact", controller = "Contact"}. Executing controller action with signature System.Threading.Tasks.Task`1[Microsoft.AspNetCore.Mvc.ActionResult`1[ContactManager.Repository.Models.RequestResult`1[ContactManager.Repository.Models.Contact]]] UpdateContact(ContactManager.Repository.Models.Contact) on controller ContactManager.API.Controllers.ContactController (ContactManager.API).
2021-06-20 10:50:44.240 -06:00 [INF] Executing ObjectResult, writing value of type 'ContactManager.Repository.Models.RequestResult`1[[ContactManager.Repository.Models.Contact, ContactManager.Repository, Version=1.0.0.0, Culture=neutral, PublicKeyToken=null]]'.
2021-06-20 10:50:44.241 -06:00 [INF] Executed action ContactManager.API.Controllers.ContactController.UpdateContact (ContactManager.API) in 28.5583ms
2021-06-20 10:50:44.241 -06:00 [INF] Executed endpoint 'ContactManager.API.Controllers.ContactController.UpdateContact (ContactManager.API)'
2021-06-20 10:50:44.241 -06:00 [INF] Request finished HTTP/1.1 PUT http://localhost:44308/Contact/Update application/json;+charset=utf-8 209 - 200 - application/json;+charset=utf-8 29.2850ms
2021-06-20 10:50:44.364 -06:00 [INF] Request starting HTTP/1.1 GET http://localhost:44308/Contact/ID/1 - -
2021-06-20 10:50:44.365 -06:00 [INF] Executing endpoint 'ContactManager.API.Controllers.ContactController.GetById (ContactManager.API)'
2021-06-20 10:50:44.368 -06:00 [INF] Route matched with {action = "GetById", controller = "Contact"}. Executing controller action with signature System.Threading.Tasks.Task`1[ContactManager.Repository.Models.Contact] GetById(Int32) on controller ContactManager.API.Controllers.ContactController (ContactManager.API).
2021-06-20 10:50:44.370 -06:00 [INF] Executing ObjectResult, writing value of type 'ContactManager.Repository.Models.Contact'.
2021-06-20 10:50:44.371 -06:00 [INF] Executed action ContactManager.API.Controllers.ContactController.GetById (ContactManager.API) in 2.6294ms
2021-06-20 10:50:44.371 -06:00 [INF] Executed endpoint 'ContactManager.API.Controllers.ContactController.GetById (ContactManager.API)'
2021-06-20 10:50:44.371 -06:00 [INF] Request finished HTTP/1.1 GET http://localhost:44308/Contact/ID/1 - - - 200 - application/json;+charset=utf-8 6.7028ms
2021-06-20 10:50:44.376 -06:00 [INF] Request starting HTTP/1.1 GET http://localhost:44308/Company?isActive=True - -
2021-06-20 10:50:44.376 -06:00 [INF] Executing endpoint 'ContactManager.API.Controllers.CompanyController.Get (ContactManager.API)'
2021-06-20 10:50:44.376 -06:00 [INF] Route matched with {action = "Get", controller = "Company"}. Executing controller action with signature System.Threading.Tasks.Task`1[System.Collections.Generic.IEnumerable`1[ContactManager.Repository.Models.Company]] Get(Boolean) on controller ContactManager.API.Controllers.CompanyController (ContactManager.API).
2021-06-20 10:50:44.376 -06:00 [INF] Executing ObjectResult, writing value of type 'System.Linq.OrderedEnumerable`2[[ContactManager.Repository.Models.Company, ContactManager.Repository, Version=1.0.0.0, Culture=neutral, PublicKeyToken=null],[System.String, System.Private.CoreLib, Version=5.0.0.0, Culture=neutral, PublicKeyToken=7cec85d7bea7798e]]'.
2021-06-20 10:50:44.377 -06:00 [INF] Executed action ContactManager.API.Controllers.CompanyController.Get (ContactManager.API) in 0.6251ms
2021-06-20 10:50:44.377 -06:00 [INF] Executed endpoint 'ContactManager.API.Controllers.CompanyController.Get (ContactManager.API)'
2021-06-20 10:50:44.377 -06:00 [INF] Request finished HTTP/1.1 GET http://localhost:44308/Company?isActive=True - - - 200 - application/json;+charset=utf-8 1.2556ms
2021-06-20 10:50:44.407 -06:00 [INF] Request starting HTTP/1.1 PUT http://localhost:44308/Contact/Update application/json;+charset=utf-8 159
2021-06-20 10:50:44.408 -06:00 [INF] Executing endpoint 'ContactManager.API.Controllers.ContactController.UpdateContact (ContactManager.API)'
2021-06-20 10:50:44.408 -06:00 [INF] Route matched with {action = "UpdateContact", controller = "Contact"}. Executing controller action with signature System.Threading.Tasks.Task`1[Microsoft.AspNetCore.Mvc.ActionResult`1[ContactManager.Repository.Models.RequestResult`1[ContactManager.Repository.Models.Contact]]] UpdateContact(ContactManager.Repository.Models.Contact) on controller ContactManager.API.Controllers.ContactController (ContactManager.API).
2021-06-20 10:50:44.408 -06:00 [INF] Executing ObjectResult, writing value of type 'ContactManager.Repository.Models.RequestResult`1[[ContactManager.Repository.Models.Contact, ContactManager.Repository, Version=1.0.0.0, Culture=neutral, PublicKeyToken=null]]'.
2021-06-20 10:50:44.408 -06:00 [INF] Executed action ContactManager.API.Controllers.ContactController.UpdateContact (ContactManager.API) in 0.3651ms
2021-06-20 10:50:44.408 -06:00 [INF] Executed endpoint 'ContactManager.API.Controllers.ContactController.UpdateContact (ContactManager.API)'
2021-06-20 10:50:44.408 -06:00 [INF] Request finished HTTP/1.1 PUT http://localhost:44308/Contact/Update application/json;+charset=utf-8 159 - 200 - application/json;+charset=utf-8 0.9670ms
2021-06-20 10:50:44.418 -06:00 [INF] Request starting HTTP/1.1 GET http://localhost:44308/Contact/ID/0 - -
2021-06-20 10:50:44.418 -06:00 [INF] Executing endpoint 'ContactManager.API.Controllers.ContactController.GetById (ContactManager.API)'
2021-06-20 10:50:44.418 -06:00 [INF] Route matched with {action = "GetById", controller = "Contact"}. Executing controller action with signature System.Threading.Tasks.Task`1[ContactManager.Repository.Models.Contact] GetById(Int32) on controller ContactManager.API.Controllers.ContactController (ContactManager.API).
2021-06-20 10:50:44.419 -06:00 [INF] Executing ObjectResult, writing value of type 'null'.
2021-06-20 10:50:44.419 -06:00 [INF] Executed action ContactManager.API.Controllers.ContactController.GetById (ContactManager.API) in 0.6709ms
2021-06-20 10:50:44.419 -06:00 [INF] Executed endpoint 'ContactManager.API.Controllers.ContactController.GetById (ContactManager.API)'
2021-06-20 10:50:44.419 -06:00 [INF] Request finished HTTP/1.1 GET http://localhost:44308/Contact/ID/0 - - - 204 0 - 1.4443ms
2021-06-20 11:23:25.269 -06:00 [INF] Request starting HTTP/1.1 GET http://localhost:44308/Company?isActive=True - -
2021-06-20 11:23:25.270 -06:00 [INF] Executing endpoint 'ContactManager.API.Controllers.CompanyController.Get (ContactManager.API)'
2021-06-20 11:23:25.270 -06:00 [INF] Route matched with {action = "Get", controller = "Company"}. Executing controller action with signature System.Threading.Tasks.Task`1[System.Collections.Generic.IEnumerable`1[ContactManager.Repository.Models.Company]] Get(Boolean) on controller ContactManager.API.Controllers.CompanyController (ContactManager.API).
2021-06-20 11:23:25.271 -06:00 [INF] Executing ObjectResult, writing value of type 'System.Linq.OrderedEnumerable`2[[ContactManager.Repository.Models.Company, ContactManager.Repository, Version=1.0.0.0, Culture=neutral, PublicKeyToken=null],[System.String, System.Private.CoreLib, Version=5.0.0.0, Culture=neutral, PublicKeyToken=7cec85d7bea7798e]]'.
2021-06-20 11:23:25.271 -06:00 [INF] Executed action ContactManager.API.Controllers.CompanyController.Get (ContactManager.API) in 0.5414ms
2021-06-20 11:23:25.271 -06:00 [INF] Executed endpoint 'ContactManager.API.Controllers.CompanyController.Get (ContactManager.API)'
2021-06-20 11:23:25.271 -06:00 [INF] Request finished HTTP/1.1 GET http://localhost:44308/Company?isActive=True - - - 200 - application/json;+charset=utf-8 1.5296ms
2021-06-20 11:24:16.844 -06:00 [INF] Request starting HTTP/1.1 PUT http://localhost:44308/Contact/Update application/json;+charset=utf-8 159
2021-06-20 11:24:16.845 -06:00 [INF] Executing endpoint 'ContactManager.API.Controllers.ContactController.UpdateContact (ContactManager.API)'
2021-06-20 11:24:16.845 -06:00 [INF] Route matched with {action = "UpdateContact", controller = "Contact"}. Executing controller action with signature System.Threading.Tasks.Task`1[Microsoft.AspNetCore.Mvc.ActionResult`1[ContactManager.Repository.Models.RequestResult`1[ContactManager.Repository.Models.Contact]]] UpdateContact(ContactManager.Repository.Models.Contact) on controller ContactManager.API.Controllers.ContactController (ContactManager.API).
2021-06-20 11:24:16.865 -06:00 [INF] Executing ObjectResult, writing value of type 'ContactManager.Repository.Models.RequestResult`1[[ContactManager.Repository.Models.Contact, ContactManager.Repository, Version=1.0.0.0, Culture=neutral, PublicKeyToken=null]]'.
2021-06-20 11:24:16.866 -06:00 [INF] Executed action ContactManager.API.Controllers.ContactController.UpdateContact (ContactManager.API) in 20.8161ms
2021-06-20 11:24:16.866 -06:00 [INF] Executed endpoint 'ContactManager.API.Controllers.ContactController.UpdateContact (ContactManager.API)'
2021-06-20 11:24:16.866 -06:00 [INF] Request finished HTTP/1.1 PUT http://localhost:44308/Contact/Update application/json;+charset=utf-8 159 - 200 - application/json;+charset=utf-8 21.4270ms
2021-06-20 11:24:16.943 -06:00 [INF] Request starting HTTP/1.1 GET http://localhost:44308/Company?isActive=True - -
2021-06-20 11:24:16.944 -06:00 [INF] Executing endpoint 'ContactManager.API.Controllers.CompanyController.Get (ContactManager.API)'
2021-06-20 11:24:16.944 -06:00 [INF] Route matched with {action = "Get", controller = "Company"}. Executing controller action with signature System.Threading.Tasks.Task`1[System.Collections.Generic.IEnumerable`1[ContactManager.Repository.Models.Company]] Get(Boolean) on controller ContactManager.API.Controllers.CompanyController (ContactManager.API).
2021-06-20 11:24:16.944 -06:00 [INF] Executing ObjectResult, writing value of type 'System.Linq.OrderedEnumerable`2[[ContactManager.Repository.Models.Company, ContactManager.Repository, Version=1.0.0.0, Culture=neutral, PublicKeyToken=null],[System.String, System.Private.CoreLib, Version=5.0.0.0, Culture=neutral, PublicKeyToken=7cec85d7bea7798e]]'.
2021-06-20 11:24:16.944 -06:00 [INF] Executed action ContactManager.API.Controllers.CompanyController.Get (ContactManager.API) in 0.3458ms
2021-06-20 11:24:16.944 -06:00 [INF] Executed endpoint 'ContactManager.API.Controllers.CompanyController.Get (ContactManager.API)'
2021-06-20 11:24:16.944 -06:00 [INF] Request finished HTTP/1.1 GET http://localhost:44308/Company?isActive=True - - - 200 - application/json;+charset=utf-8 0.8703ms
2021-06-20 11:25:03.085 -06:00 [INF] Request starting HTTP/1.1 PUT http://localhost:44308/Contact/Update application/json;+charset=utf-8 209
2021-06-20 11:25:03.085 -06:00 [INF] Executing endpoint 'ContactManager.API.Controllers.ContactController.UpdateContact (ContactManager.API)'
2021-06-20 11:25:03.085 -06:00 [INF] Route matched with {action = "UpdateContact", controller = "Contact"}. Executing controller action with signature System.Threading.Tasks.Task`1[Microsoft.AspNetCore.Mvc.ActionResult`1[ContactManager.Repository.Models.RequestResult`1[ContactManager.Repository.Models.Contact]]] UpdateContact(ContactManager.Repository.Models.Contact) on controller ContactManager.API.Controllers.ContactController (ContactManager.API).
2021-06-20 11:25:03.104 -06:00 [INF] Executing ObjectResult, writing value of type 'ContactManager.Repository.Models.RequestResult`1[[ContactManager.Repository.Models.Contact, ContactManager.Repository, Version=1.0.0.0, Culture=neutral, PublicKeyToken=null]]'.
2021-06-20 11:25:03.104 -06:00 [INF] Executed action ContactManager.API.Controllers.ContactController.UpdateContact (ContactManager.API) in 18.973ms
2021-06-20 11:25:03.104 -06:00 [INF] Executed endpoint 'ContactManager.API.Controllers.ContactController.UpdateContact (ContactManager.API)'
2021-06-20 11:25:03.104 -06:00 [INF] Request finished HTTP/1.1 PUT http://localhost:44308/Contact/Update application/json;+charset=utf-8 209 - 200 - application/json;+charset=utf-8 19.6255ms
2021-06-20 11:25:21.879 -06:00 [INF] Request starting HTTP/1.1 GET http://localhost:44308/Contact/ID/1 - -
2021-06-20 11:25:21.879 -06:00 [INF] Executing endpoint 'ContactManager.API.Controllers.ContactController.GetById (ContactManager.API)'
2021-06-20 11:25:21.879 -06:00 [INF] Route matched with {action = "GetById", controller = "Contact"}. Executing controller action with signature System.Threading.Tasks.Task`1[ContactManager.Repository.Models.Contact] GetById(Int32) on controller ContactManager.API.Controllers.ContactController (ContactManager.API).
2021-06-20 11:25:21.880 -06:00 [INF] Executing ObjectResult, writing value of type 'ContactManager.Repository.Models.Contact'.
2021-06-20 11:25:21.880 -06:00 [INF] Executed action ContactManager.API.Controllers.ContactController.GetById (ContactManager.API) in 0.7712ms
2021-06-20 11:25:21.880 -06:00 [INF] Executed endpoint 'ContactManager.API.Controllers.ContactController.GetById (ContactManager.API)'
2021-06-20 11:25:21.880 -06:00 [INF] Request finished HTTP/1.1 GET http://localhost:44308/Contact/ID/1 - - - 200 - application/json;+charset=utf-8 1.2949ms
2021-06-20 11:25:22.041 -06:00 [INF] Request starting HTTP/1.1 GET http://localhost:44308/Company?isActive=True - -
2021-06-20 11:25:22.041 -06:00 [INF] Executing endpoint 'ContactManager.API.Controllers.CompanyController.Get (ContactManager.API)'
2021-06-20 11:25:22.041 -06:00 [INF] Route matched with {action = "Get", controller = "Company"}. Executing controller action with signature System.Threading.Tasks.Task`1[System.Collections.Generic.IEnumerable`1[ContactManager.Repository.Models.Company]] Get(Boolean) on controller ContactManager.API.Controllers.CompanyController (ContactManager.API).
2021-06-20 11:25:22.042 -06:00 [INF] Executing ObjectResult, writing value of type 'System.Linq.OrderedEnumerable`2[[ContactManager.Repository.Models.Company, ContactManager.Repository, Version=1.0.0.0, Culture=neutral, PublicKeyToken=null],[System.String, System.Private.CoreLib, Version=5.0.0.0, Culture=neutral, PublicKeyToken=7cec85d7bea7798e]]'.
2021-06-20 11:25:22.042 -06:00 [INF] Executed action ContactManager.API.Controllers.CompanyController.Get (ContactManager.API) in 0.3896ms
2021-06-20 11:25:22.042 -06:00 [INF] Executed endpoint 'ContactManager.API.Controllers.CompanyController.Get (ContactManager.API)'
2021-06-20 11:25:22.042 -06:00 [INF] Request finished HTTP/1.1 GET http://localhost:44308/Company?isActive=True - - - 200 - application/json;+charset=utf-8 1.0394ms
2021-06-20 11:25:22.093 -06:00 [INF] Request starting HTTP/1.1 GET http://localhost:44308/Contact/ID/0 - -
2021-06-20 11:25:22.093 -06:00 [INF] Executing endpoint 'ContactManager.API.Controllers.ContactController.GetById (ContactManager.API)'
2021-06-20 11:25:22.093 -06:00 [INF] Route matched with {action = "GetById", controller = "Contact"}. Executing controller action with signature System.Threading.Tasks.Task`1[ContactManager.Repository.Models.Contact] GetById(Int32) on controller ContactManager.API.Controllers.ContactController (ContactManager.API).
2021-06-20 11:25:22.093 -06:00 [INF] Executing ObjectResult, writing value of type 'null'.
2021-06-20 11:25:22.094 -06:00 [INF] Executed action ContactManager.API.Controllers.ContactController.GetById (ContactManager.API) in 0.3483ms
2021-06-20 11:25:22.094 -06:00 [INF] Executed endpoint 'ContactManager.API.Controllers.ContactController.GetById (ContactManager.API)'
2021-06-20 11:25:22.094 -06:00 [INF] Request finished HTTP/1.1 GET http://localhost:44308/Contact/ID/0 - - - 204 0 - 0.8933ms
2021-06-20 11:25:22.137 -06:00 [INF] Request starting HTTP/1.1 PUT http://localhost:44308/Contact/Update application/json;+charset=utf-8 159
2021-06-20 11:25:22.137 -06:00 [INF] Executing endpoint 'ContactManager.API.Controllers.ContactController.UpdateContact (ContactManager.API)'
2021-06-20 11:25:22.137 -06:00 [INF] Route matched with {action = "UpdateContact", controller = "Contact"}. Executing controller action with signature System.Threading.Tasks.Task`1[Microsoft.AspNetCore.Mvc.ActionResult`1[ContactManager.Repository.Models.RequestResult`1[ContactManager.Repository.Models.Contact]]] UpdateContact(ContactManager.Repository.Models.Contact) on controller ContactManager.API.Controllers.ContactController (ContactManager.API).
2021-06-20 11:25:22.143 -06:00 [INF] Executing ObjectResult, writing value of type 'ContactManager.Repository.Models.RequestResult`1[[ContactManager.Repository.Models.Contact, ContactManager.Repository, Version=1.0.0.0, Culture=neutral, PublicKeyToken=null]]'.
2021-06-20 11:25:22.143 -06:00 [INF] Executed action ContactManager.API.Controllers.ContactController.UpdateContact (ContactManager.API) in 5.4027ms
2021-06-20 11:25:22.143 -06:00 [INF] Executed endpoint 'ContactManager.API.Controllers.ContactController.UpdateContact (ContactManager.API)'
2021-06-20 11:25:22.143 -06:00 [INF] Request finished HTTP/1.1 PUT http://localhost:44308/Contact/Update application/json;+charset=utf-8 159 - 200 - application/json;+charset=utf-8 6.1348ms
2021-06-20 11:25:22.153 -06:00 [INF] Request starting HTTP/1.1 PUT http://localhost:44308/Contact/Update application/json;+charset=utf-8 209
2021-06-20 11:25:22.154 -06:00 [INF] Executing endpoint 'ContactManager.API.Controllers.ContactController.UpdateContact (ContactManager.API)'
2021-06-20 11:25:22.154 -06:00 [INF] Route matched with {action = "UpdateContact", controller = "Contact"}. Executing controller action with signature System.Threading.Tasks.Task`1[Microsoft.AspNetCore.Mvc.ActionResult`1[ContactManager.Repository.Models.RequestResult`1[ContactManager.Repository.Models.Contact]]] UpdateContact(ContactManager.Repository.Models.Contact) on controller ContactManager.API.Controllers.ContactController (ContactManager.API).
2021-06-20 11:25:22.154 -06:00 [INF] Executing ObjectResult, writing value of type 'ContactManager.Repository.Models.RequestResult`1[[ContactManager.Repository.Models.Contact, ContactManager.Repository, Version=1.0.0.0, Culture=neutral, PublicKeyToken=null]]'.
2021-06-20 11:25:22.154 -06:00 [INF] Executed action ContactManager.API.Controllers.ContactController.UpdateContact (ContactManager.API) in 0.4789ms
2021-06-20 11:25:22.154 -06:00 [INF] Executed endpoint 'ContactManager.API.Controllers.ContactController.UpdateContact (ContactManager.API)'
2021-06-20 11:25:22.154 -06:00 [INF] Request finished HTTP/1.1 PUT http://localhost:44308/Contact/Update application/json;+charset=utf-8 209 - 200 - application/json;+charset=utf-8 1.1396ms
2021-06-20 11:25:22.160 -06:00 [INF] Request starting HTTP/1.1 PUT http://localhost:44308/Contact/Update application/json;+charset=utf-8 159
2021-06-20 11:25:22.160 -06:00 [INF] Executing endpoint 'ContactManager.API.Controllers.ContactController.UpdateContact (ContactManager.API)'
2021-06-20 11:25:22.160 -06:00 [INF] Route matched with {action = "UpdateContact", controller = "Contact"}. Executing controller action with signature System.Threading.Tasks.Task`1[Microsoft.AspNetCore.Mvc.ActionResult`1[ContactManager.Repository.Models.RequestResult`1[ContactManager.Repository.Models.Contact]]] UpdateContact(ContactManager.Repository.Models.Contact) on controller ContactManager.API.Controllers.ContactController (ContactManager.API).
2021-06-20 11:25:22.161 -06:00 [INF] Executing ObjectResult, writing value of type 'ContactManager.Repository.Models.RequestResult`1[[ContactManager.Repository.Models.Contact, ContactManager.Repository, Version=1.0.0.0, Culture=neutral, PublicKeyToken=null]]'.
2021-06-20 11:25:22.161 -06:00 [INF] Executed action ContactManager.API.Controllers.ContactController.UpdateContact (ContactManager.API) in 0.3333ms
2021-06-20 11:25:22.161 -06:00 [INF] Executed endpoint 'ContactManager.API.Controllers.ContactController.UpdateContact (ContactManager.API)'
2021-06-20 11:25:22.161 -06:00 [INF] Request finished HTTP/1.1 PUT http://localhost:44308/Contact/Update application/json;+charset=utf-8 159 - 200 - application/json;+charset=utf-8 0.9091ms
2021-06-20 11:25:22.165 -06:00 [INF] Request starting HTTP/1.1 PUT http://localhost:44308/Contact/Update application/json;+charset=utf-8 209
2021-06-20 11:25:22.165 -06:00 [INF] Executing endpoint 'ContactManager.API.Controllers.ContactController.UpdateContact (ContactManager.API)'
2021-06-20 11:25:22.165 -06:00 [INF] Route matched with {action = "UpdateContact", controller = "Contact"}. Executing controller action with signature System.Threading.Tasks.Task`1[Microsoft.AspNetCore.Mvc.ActionResult`1[ContactManager.Repository.Models.RequestResult`1[ContactManager.Repository.Models.Contact]]] UpdateContact(ContactManager.Repository.Models.Contact) on controller ContactManager.API.Controllers.ContactController (ContactManager.API).
2021-06-20 11:25:22.166 -06:00 [INF] Executing ObjectResult, writing value of type 'ContactManager.Repository.Models.RequestResult`1[[ContactManager.Repository.Models.Contact, ContactManager.Repository, Version=1.0.0.0, Culture=neutral, PublicKeyToken=null]]'.
2021-06-20 11:25:22.166 -06:00 [INF] Executed action ContactManager.API.Controllers.ContactController.UpdateContact (ContactManager.API) in 0.4476ms
2021-06-20 11:25:22.166 -06:00 [INF] Executed endpoint 'ContactManager.API.Controllers.ContactController.UpdateContact (ContactManager.API)'
2021-06-20 11:25:22.166 -06:00 [INF] Request finished HTTP/1.1 PUT http://localhost:44308/Contact/Update application/json;+charset=utf-8 209 - 200 - application/json;+charset=utf-8 1.0109ms
2021-06-20 11:25:29.594 -06:00 [INF] Request starting HTTP/1.1 GET http://localhost:44308/Contact - -
2021-06-20 11:25:29.594 -06:00 [INF] Executing endpoint 'ContactManager.API.Controllers.ContactController.Get (ContactManager.API)'
2021-06-20 11:25:29.597 -06:00 [INF] Route matched with {action = "Get", controller = "Contact"}. Executing controller action with signature System.Threading.Tasks.Task`1[System.Collections.Generic.IEnumerable`1[ContactManager.Repository.Models.Contact]] Get() on controller ContactManager.API.Controllers.ContactController (ContactManager.API).
2021-06-20 11:25:29.598 -06:00 [INF] Executing ObjectResult, writing value of type 'System.Collections.Generic.List`1[[ContactManager.Repository.Models.Contact, ContactManager.Repository, Version=1.0.0.0, Culture=neutral, PublicKeyToken=null]]'.
2021-06-20 11:25:29.600 -06:00 [INF] Executed action ContactManager.API.Controllers.ContactController.Get (ContactManager.API) in 2.2919ms
2021-06-20 11:25:29.600 -06:00 [INF] Executed endpoint 'ContactManager.API.Controllers.ContactController.Get (ContactManager.API)'
2021-06-20 11:25:29.600 -06:00 [INF] Request finished HTTP/1.1 GET http://localhost:44308/Contact - - - 200 - application/json;+charset=utf-8 5.8381ms
2021-06-20 11:25:29.873 -06:00 [INF] Request starting HTTP/1.1 GET http://localhost:44308/Contact/ID/1 - -
2021-06-20 11:25:29.873 -06:00 [INF] Executing endpoint 'ContactManager.API.Controllers.ContactController.GetById (ContactManager.API)'
2021-06-20 11:25:29.873 -06:00 [INF] Route matched with {action = "GetById", controller = "Contact"}. Executing controller action with signature System.Threading.Tasks.Task`1[ContactManager.Repository.Models.Contact] GetById(Int32) on controller ContactManager.API.Controllers.ContactController (ContactManager.API).
2021-06-20 11:25:29.873 -06:00 [INF] Executing ObjectResult, writing value of type 'ContactManager.Repository.Models.Contact'.
2021-06-20 11:25:29.873 -06:00 [INF] Executed action ContactManager.API.Controllers.ContactController.GetById (ContactManager.API) in 0.4216ms
2021-06-20 11:25:29.873 -06:00 [INF] Executed endpoint 'ContactManager.API.Controllers.ContactController.GetById (ContactManager.API)'
2021-06-20 11:25:29.874 -06:00 [INF] Request finished HTTP/1.1 GET http://localhost:44308/Contact/ID/1 - - - 200 - application/json;+charset=utf-8 0.9623ms
2021-06-20 11:25:29.879 -06:00 [INF] Request starting HTTP/1.1 GET http://localhost:44308/Company?isActive=True - -
2021-06-20 11:25:29.879 -06:00 [INF] Executing endpoint 'ContactManager.API.Controllers.CompanyController.Get (ContactManager.API)'
2021-06-20 11:25:29.879 -06:00 [INF] Route matched with {action = "Get", controller = "Company"}. Executing controller action with signature System.Threading.Tasks.Task`1[System.Collections.Generic.IEnumerable`1[ContactManager.Repository.Models.Company]] Get(Boolean) on controller ContactManager.API.Controllers.CompanyController (ContactManager.API).
2021-06-20 11:25:29.879 -06:00 [INF] Executing ObjectResult, writing value of type 'System.Linq.OrderedEnumerable`2[[ContactManager.Repository.Models.Company, ContactManager.Repository, Version=1.0.0.0, Culture=neutral, PublicKeyToken=null],[System.String, System.Private.CoreLib, Version=5.0.0.0, Culture=neutral, PublicKeyToken=7cec85d7bea7798e]]'.
2021-06-20 11:25:29.880 -06:00 [INF] Executed action ContactManager.API.Controllers.CompanyController.Get (ContactManager.API) in 0.3851ms
2021-06-20 11:25:29.880 -06:00 [INF] Executed endpoint 'ContactManager.API.Controllers.CompanyController.Get (ContactManager.API)'
2021-06-20 11:25:29.880 -06:00 [INF] Request finished HTTP/1.1 GET http://localhost:44308/Company?isActive=True - - - 200 - application/json;+charset=utf-8 0.8704ms
2021-06-20 11:25:29.891 -06:00 [INF] Request starting HTTP/1.1 GET http://localhost:44308/Contact/ID/0 - -
2021-06-20 11:25:29.892 -06:00 [INF] Executing endpoint 'ContactManager.API.Controllers.ContactController.GetById (ContactManager.API)'
2021-06-20 11:25:29.892 -06:00 [INF] Route matched with {action = "GetById", controller = "Contact"}. Executing controller action with signature System.Threading.Tasks.Task`1[ContactManager.Repository.Models.Contact] GetById(Int32) on controller ContactManager.API.Controllers.ContactController (ContactManager.API).
2021-06-20 11:25:29.892 -06:00 [INF] Executing ObjectResult, writing value of type 'null'.
2021-06-20 11:25:29.892 -06:00 [INF] Executed action ContactManager.API.Controllers.ContactController.GetById (ContactManager.API) in 0.2539ms
2021-06-20 11:25:29.892 -06:00 [INF] Executed endpoint 'ContactManager.API.Controllers.ContactController.GetById (ContactManager.API)'
2021-06-20 11:25:29.892 -06:00 [INF] Request finished HTTP/1.1 GET http://localhost:44308/Contact/ID/0 - - - 204 0 - 0.8067ms
2021-06-20 11:25:29.934 -06:00 [INF] Request starting HTTP/1.1 PUT http://localhost:44308/Contact/Update application/json;+charset=utf-8 159
2021-06-20 11:25:29.934 -06:00 [INF] Executing endpoint 'ContactManager.API.Controllers.ContactController.UpdateContact (ContactManager.API)'
2021-06-20 11:25:29.934 -06:00 [INF] Route matched with {action = "UpdateContact", controller = "Contact"}. Executing controller action with signature System.Threading.Tasks.Task`1[Microsoft.AspNetCore.Mvc.ActionResult`1[ContactManager.Repository.Models.RequestResult`1[ContactManager.Repository.Models.Contact]]] UpdateContact(ContactManager.Repository.Models.Contact) on controller ContactManager.API.Controllers.ContactController (ContactManager.API).
2021-06-20 11:25:29.940 -06:00 [INF] Executing ObjectResult, writing value of type 'ContactManager.Repository.Models.RequestResult`1[[ContactManager.Repository.Models.Contact, ContactManager.Repository, Version=1.0.0.0, Culture=neutral, PublicKeyToken=null]]'.
2021-06-20 11:25:29.941 -06:00 [INF] Executed action ContactManager.API.Controllers.ContactController.UpdateContact (ContactManager.API) in 6.4247ms
2021-06-20 11:25:29.941 -06:00 [INF] Executed endpoint 'ContactManager.API.Controllers.ContactController.UpdateContact (ContactManager.API)'
2021-06-20 11:25:29.941 -06:00 [INF] Request finished HTTP/1.1 PUT http://localhost:44308/Contact/Update application/json;+charset=utf-8 159 - 200 - application/json;+charset=utf-8 7.0286ms
2021-06-20 11:25:29.951 -06:00 [INF] Request starting HTTP/1.1 PUT http://localhost:44308/Contact/Update application/json;+charset=utf-8 209
2021-06-20 11:25:29.951 -06:00 [INF] Executing endpoint 'ContactManager.API.Controllers.ContactController.UpdateContact (ContactManager.API)'
2021-06-20 11:25:29.951 -06:00 [INF] Route matched with {action = "UpdateContact", controller = "Contact"}. Executing controller action with signature System.Threading.Tasks.Task`1[Microsoft.AspNetCore.Mvc.ActionResult`1[ContactManager.Repository.Models.RequestResult`1[ContactManager.Repository.Models.Contact]]] UpdateContact(ContactManager.Repository.Models.Contact) on controller ContactManager.API.Controllers.ContactController (ContactManager.API).
2021-06-20 11:25:29.951 -06:00 [INF] Executing ObjectResult, writing value of type 'ContactManager.Repository.Models.RequestResult`1[[ContactManager.Repository.Models.Contact, ContactManager.Repository, Version=1.0.0.0, Culture=neutral, PublicKeyToken=null]]'.
2021-06-20 11:25:29.951 -06:00 [INF] Executed action ContactManager.API.Controllers.ContactController.UpdateContact (ContactManager.API) in 0.3453ms
2021-06-20 11:25:29.951 -06:00 [INF] Executed endpoint 'ContactManager.API.Controllers.ContactController.UpdateContact (ContactManager.API)'
2021-06-20 11:25:29.951 -06:00 [INF] Request finished HTTP/1.1 PUT http://localhost:44308/Contact/Update application/json;+charset=utf-8 209 - 200 - application/json;+charset=utf-8 0.9095ms
2021-06-20 11:25:29.989 -06:00 [INF] Request starting HTTP/1.1 PUT http://localhost:44308/Contact/Update application/json;+charset=utf-8 159
2021-06-20 11:25:29.990 -06:00 [INF] Executing endpoint 'ContactManager.API.Controllers.ContactController.UpdateContact (ContactManager.API)'
2021-06-20 11:25:29.990 -06:00 [INF] Route matched with {action = "UpdateContact", controller = "Contact"}. Executing controller action with signature System.Threading.Tasks.Task`1[Microsoft.AspNetCore.Mvc.ActionResult`1[ContactManager.Repository.Models.RequestResult`1[ContactManager.Repository.Models.Contact]]] UpdateContact(ContactManager.Repository.Models.Contact) on controller ContactManager.API.Controllers.ContactController (ContactManager.API).
2021-06-20 11:25:29.990 -06:00 [INF] Executing ObjectResult, writing value of type 'ContactManager.Repository.Models.RequestResult`1[[ContactManager.Repository.Models.Contact, ContactManager.Repository, Version=1.0.0.0, Culture=neutral, PublicKeyToken=null]]'.
2021-06-20 11:25:29.990 -06:00 [INF] Executed action ContactManager.API.Controllers.ContactController.UpdateContact (ContactManager.API) in 0.3183ms
2021-06-20 11:25:29.990 -06:00 [INF] Executed endpoint 'ContactManager.API.Controllers.ContactController.UpdateContact (ContactManager.API)'
2021-06-20 11:25:29.990 -06:00 [INF] Request finished HTTP/1.1 PUT http://localhost:44308/Contact/Update application/json;+charset=utf-8 159 - 200 - application/json;+charset=utf-8 0.8407ms
2021-06-20 11:25:29.994 -06:00 [INF] Request starting HTTP/1.1 PUT http://localhost:44308/Contact/Update application/json;+charset=utf-8 209
2021-06-20 11:25:29.995 -06:00 [INF] Executing endpoint 'ContactManager.API.Controllers.ContactController.UpdateContact (ContactManager.API)'
2021-06-20 11:25:29.995 -06:00 [INF] Route matched with {action = "UpdateContact", controller = "Contact"}. Executing controller action with signature System.Threading.Tasks.Task`1[Microsoft.AspNetCore.Mvc.ActionResult`1[ContactManager.Repository.Models.RequestResult`1[ContactManager.Repository.Models.Contact]]] UpdateContact(ContactManager.Repository.Models.Contact) on controller ContactManager.API.Controllers.ContactController (ContactManager.API).
2021-06-20 11:25:29.995 -06:00 [INF] Executing ObjectResult, writing value of type 'ContactManager.Repository.Models.RequestResult`1[[ContactManager.Repository.Models.Contact, ContactManager.Repository, Version=1.0.0.0, Culture=neutral, PublicKeyToken=null]]'.
2021-06-20 11:25:29.995 -06:00 [INF] Executed action ContactManager.API.Controllers.ContactController.UpdateContact (ContactManager.API) in 0.3272ms
2021-06-20 11:25:29.995 -06:00 [INF] Executed endpoint 'ContactManager.API.Controllers.ContactController.UpdateContact (ContactManager.API)'
2021-06-20 11:25:29.995 -06:00 [INF] Request finished HTTP/1.1 PUT http://localhost:44308/Contact/Update application/json;+charset=utf-8 209 - 200 - application/json;+charset=utf-8 1.0334ms
2021-06-20 11:25:47.237 -06:00 [INF] Request starting HTTP/1.1 GET http://localhost:44308/Contact - -
2021-06-20 11:25:47.237 -06:00 [INF] Executing endpoint 'ContactManager.API.Controllers.ContactController.Get (ContactManager.API)'
2021-06-20 11:25:47.237 -06:00 [INF] Route matched with {action = "Get", controller = "Contact"}. Executing controller action with signature System.Threading.Tasks.Task`1[System.Collections.Generic.IEnumerable`1[ContactManager.Repository.Models.Contact]] Get() on controller ContactManager.API.Controllers.ContactController (ContactManager.API).
2021-06-20 11:25:47.238 -06:00 [INF] Executing ObjectResult, writing value of type 'System.Collections.Generic.List`1[[ContactManager.Repository.Models.Contact, ContactManager.Repository, Version=1.0.0.0, Culture=neutral, PublicKeyToken=null]]'.
2021-06-20 11:25:47.238 -06:00 [INF] Executed action ContactManager.API.Controllers.ContactController.Get (ContactManager.API) in 0.3015ms
2021-06-20 11:25:47.238 -06:00 [INF] Executed endpoint 'ContactManager.API.Controllers.ContactController.Get (ContactManager.API)'
2021-06-20 11:25:47.238 -06:00 [INF] Request finished HTTP/1.1 GET http://localhost:44308/Contact - - - 200 - application/json;+charset=utf-8 0.9356ms
2021-06-20 11:26:22.824 -06:00 [INF] Request starting HTTP/1.1 GET http://localhost:44308/Contact/ID/1 - -
2021-06-20 11:26:22.825 -06:00 [INF] Executing endpoint 'ContactManager.API.Controllers.ContactController.GetById (ContactManager.API)'
2021-06-20 11:26:22.825 -06:00 [INF] Route matched with {action = "GetById", controller = "Contact"}. Executing controller action with signature System.Threading.Tasks.Task`1[ContactManager.Repository.Models.Contact] GetById(Int32) on controller ContactManager.API.Controllers.ContactController (ContactManager.API).
2021-06-20 11:26:22.825 -06:00 [INF] Executing ObjectResult, writing value of type 'ContactManager.Repository.Models.Contact'.
2021-06-20 11:26:22.825 -06:00 [INF] Executed action ContactManager.API.Controllers.ContactController.GetById (ContactManager.API) in 0.4587ms
2021-06-20 11:26:22.825 -06:00 [INF] Executed endpoint 'ContactManager.API.Controllers.ContactController.GetById (ContactManager.API)'
2021-06-20 11:26:22.825 -06:00 [INF] Request finished HTTP/1.1 GET http://localhost:44308/Contact/ID/1 - - - 200 - application/json;+charset=utf-8 1.1927ms
2021-06-20 11:26:22.998 -06:00 [INF] Request starting HTTP/1.1 GET http://localhost:44308/Company?isActive=True - -
2021-06-20 11:26:22.998 -06:00 [INF] Executing endpoint 'ContactManager.API.Controllers.CompanyController.Get (ContactManager.API)'
2021-06-20 11:26:22.998 -06:00 [INF] Route matched with {action = "Get", controller = "Company"}. Executing controller action with signature System.Threading.Tasks.Task`1[System.Collections.Generic.IEnumerable`1[ContactManager.Repository.Models.Company]] Get(Boolean) on controller ContactManager.API.Controllers.CompanyController (ContactManager.API).
2021-06-20 11:26:22.998 -06:00 [INF] Executing ObjectResult, writing value of type 'System.Linq.OrderedEnumerable`2[[ContactManager.Repository.Models.Company, ContactManager.Repository, Version=1.0.0.0, Culture=neutral, PublicKeyToken=null],[System.String, System.Private.CoreLib, Version=5.0.0.0, Culture=neutral, PublicKeyToken=7cec85d7bea7798e]]'.
2021-06-20 11:26:22.998 -06:00 [INF] Executed action ContactManager.API.Controllers.CompanyController.Get (ContactManager.API) in 0.4611ms
2021-06-20 11:26:22.998 -06:00 [INF] Executed endpoint 'ContactManager.API.Controllers.CompanyController.Get (ContactManager.API)'
2021-06-20 11:26:22.998 -06:00 [INF] Request finished HTTP/1.1 GET http://localhost:44308/Company?isActive=True - - - 200 - application/json;+charset=utf-8 0.8808ms
2021-06-20 11:26:23.045 -06:00 [INF] Request starting HTTP/1.1 GET http://localhost:44308/Contact/ID/0 - -
2021-06-20 11:26:23.045 -06:00 [INF] Executing endpoint 'ContactManager.API.Controllers.ContactController.GetById (ContactManager.API)'
2021-06-20 11:26:23.045 -06:00 [INF] Route matched with {action = "GetById", controller = "Contact"}. Executing controller action with signature System.Threading.Tasks.Task`1[ContactManager.Repository.Models.Contact] GetById(Int32) on controller ContactManager.API.Controllers.ContactController (ContactManager.API).
2021-06-20 11:26:23.045 -06:00 [INF] Executing ObjectResult, writing value of type 'null'.
2021-06-20 11:26:23.046 -06:00 [INF] Executed action ContactManager.API.Controllers.ContactController.GetById (ContactManager.API) in 0.2733ms
2021-06-20 11:26:23.046 -06:00 [INF] Executed endpoint 'ContactManager.API.Controllers.ContactController.GetById (ContactManager.API)'
2021-06-20 11:26:23.046 -06:00 [INF] Request finished HTTP/1.1 GET http://localhost:44308/Contact/ID/0 - - - 204 0 - 0.6495ms
2021-06-20 11:26:23.086 -06:00 [INF] Request starting HTTP/1.1 PUT http://localhost:44308/Contact/Update application/json;+charset=utf-8 159
2021-06-20 11:26:23.086 -06:00 [INF] Executing endpoint 'ContactManager.API.Controllers.ContactController.UpdateContact (ContactManager.API)'
2021-06-20 11:26:23.086 -06:00 [INF] Route matched with {action = "UpdateContact", controller = "Contact"}. Executing controller action with signature System.Threading.Tasks.Task`1[Microsoft.AspNetCore.Mvc.ActionResult`1[ContactManager.Repository.Models.RequestResult`1[ContactManager.Repository.Models.Contact]]] UpdateContact(ContactManager.Repository.Models.Contact) on controller ContactManager.API.Controllers.ContactController (ContactManager.API).
2021-06-20 11:26:23.091 -06:00 [INF] Executing ObjectResult, writing value of type 'ContactManager.Repository.Models.RequestResult`1[[ContactManager.Repository.Models.Contact, ContactManager.Repository, Version=1.0.0.0, Culture=neutral, PublicKeyToken=null]]'.
2021-06-20 11:26:23.091 -06:00 [INF] Executed action ContactManager.API.Controllers.ContactController.UpdateContact (ContactManager.API) in 5.1282ms
2021-06-20 11:26:23.091 -06:00 [INF] Executed endpoint 'ContactManager.API.Controllers.ContactController.UpdateContact (ContactManager.API)'
2021-06-20 11:26:23.091 -06:00 [INF] Request finished HTTP/1.1 PUT http://localhost:44308/Contact/Update application/json;+charset=utf-8 159 - 200 - application/json;+charset=utf-8 5.5369ms
2021-06-20 11:26:23.101 -06:00 [INF] Request starting HTTP/1.1 PUT http://localhost:44308/Contact/Update application/json;+charset=utf-8 209
2021-06-20 11:26:23.101 -06:00 [INF] Executing endpoint 'ContactManager.API.Controllers.ContactController.UpdateContact (ContactManager.API)'
2021-06-20 11:26:23.101 -06:00 [INF] Route matched with {action = "UpdateContact", controller = "Contact"}. Executing controller action with signature System.Threading.Tasks.Task`1[Microsoft.AspNetCore.Mvc.ActionResult`1[ContactManager.Repository.Models.RequestResult`1[ContactManager.Repository.Models.Contact]]] UpdateContact(ContactManager.Repository.Models.Contact) on controller ContactManager.API.Controllers.ContactController (ContactManager.API).
2021-06-20 11:26:23.101 -06:00 [INF] Executing ObjectResult, writing value of type 'ContactManager.Repository.Models.RequestResult`1[[ContactManager.Repository.Models.Contact, ContactManager.Repository, Version=1.0.0.0, Culture=neutral, PublicKeyToken=null]]'.
2021-06-20 11:26:23.102 -06:00 [INF] Executed action ContactManager.API.Controllers.ContactController.UpdateContact (ContactManager.API) in 0.4564ms
2021-06-20 11:26:23.102 -06:00 [INF] Executed endpoint 'ContactManager.API.Controllers.ContactController.UpdateContact (ContactManager.API)'
2021-06-20 11:26:23.102 -06:00 [INF] Request finished HTTP/1.1 PUT http://localhost:44308/Contact/Update application/json;+charset=utf-8 209 - 200 - application/json;+charset=utf-8 0.9184ms
2021-06-20 11:26:23.107 -06:00 [INF] Request starting HTTP/1.1 PUT http://localhost:44308/Contact/Update application/json;+charset=utf-8 159
2021-06-20 11:26:23.107 -06:00 [INF] Executing endpoint 'ContactManager.API.Controllers.ContactController.UpdateContact (ContactManager.API)'
2021-06-20 11:26:23.107 -06:00 [INF] Route matched with {action = "UpdateContact", controller = "Contact"}. Executing controller action with signature System.Threading.Tasks.Task`1[Microsoft.AspNetCore.Mvc.ActionResult`1[ContactManager.Repository.Models.RequestResult`1[ContactManager.Repository.Models.Contact]]] UpdateContact(ContactManager.Repository.Models.Contact) on controller ContactManager.API.Controllers.ContactController (ContactManager.API).
2021-06-20 11:26:23.107 -06:00 [INF] Executing ObjectResult, writing value of type 'ContactManager.Repository.Models.RequestResult`1[[ContactManager.Repository.Models.Contact, ContactManager.Repository, Version=1.0.0.0, Culture=neutral, PublicKeyToken=null]]'.
2021-06-20 11:26:23.107 -06:00 [INF] Executed action ContactManager.API.Controllers.ContactController.UpdateContact (ContactManager.API) in 0.2057ms
2021-06-20 11:26:23.107 -06:00 [INF] Executed endpoint 'ContactManager.API.Controllers.ContactController.UpdateContact (ContactManager.API)'
2021-06-20 11:26:23.107 -06:00 [INF] Request finished HTTP/1.1 PUT http://localhost:44308/Contact/Update application/json;+charset=utf-8 159 - 200 - application/json;+charset=utf-8 0.6022ms
2021-06-20 11:26:23.111 -06:00 [INF] Request starting HTTP/1.1 PUT http://localhost:44308/Contact/Update application/json;+charset=utf-8 209
2021-06-20 11:26:23.112 -06:00 [INF] Executing endpoint 'ContactManager.API.Controllers.ContactController.UpdateContact (ContactManager.API)'
2021-06-20 11:26:23.112 -06:00 [INF] Route matched with {action = "UpdateContact", controller = "Contact"}. Executing controller action with signature System.Threading.Tasks.Task`1[Microsoft.AspNetCore.Mvc.ActionResult`1[ContactManager.Repository.Models.RequestResult`1[ContactManager.Repository.Models.Contact]]] UpdateContact(ContactManager.Repository.Models.Contact) on controller ContactManager.API.Controllers.ContactController (ContactManager.API).
2021-06-20 11:26:23.112 -06:00 [INF] Executing ObjectResult, writing value of type 'ContactManager.Repository.Models.RequestResult`1[[ContactManager.Repository.Models.Contact, ContactManager.Repository, Version=1.0.0.0, Culture=neutral, PublicKeyToken=null]]'.
2021-06-20 11:26:23.112 -06:00 [INF] Executed action ContactManager.API.Controllers.ContactController.UpdateContact (ContactManager.API) in 0.4284ms
2021-06-20 11:26:23.112 -06:00 [INF] Executed endpoint 'ContactManager.API.Controllers.ContactController.UpdateContact (ContactManager.API)'
2021-06-20 11:26:23.112 -06:00 [INF] Request finished HTTP/1.1 PUT http://localhost:44308/Contact/Update application/json;+charset=utf-8 209 - 200 - application/json;+charset=utf-8 0.8557ms
2021-06-20 11:29:34.315 -06:00 [INF] API Starting up.
2021-06-20 11:29:34.565 -06:00 [INF] Now listening on: http://127.0.0.1:33499
2021-06-20 11:29:34.567 -06:00 [INF] Application started. Press Ctrl+C to shut down.
2021-06-20 11:29:34.568 -06:00 [INF] Hosting environment: Development
2021-06-20 11:29:34.568 -06:00 [INF] Content root path: C:\Users\Wenbiao\source\repos\mnp-technical-challenge\ContactManager\ContactManager.API
2021-06-20 11:29:34.601 -06:00 [INF] Request starting HTTP/1.1 GET http://localhost:44308/Contact - -
2021-06-20 11:29:34.649 -06:00 [INF] Executing endpoint 'ContactManager.API.Controllers.ContactController.Get (ContactManager.API)'
2021-06-20 11:29:34.670 -06:00 [INF] Route matched with {action = "Get", controller = "Contact"}. Executing controller action with signature System.Threading.Tasks.Task`1[System.Collections.Generic.IEnumerable`1[ContactManager.Repository.Models.Contact]] Get() on controller ContactManager.API.Controllers.ContactController (ContactManager.API).
2021-06-20 11:29:34.679 -06:00 [INF] Executing ObjectResult, writing value of type 'System.Collections.Generic.List`1[[ContactManager.Repository.Models.Contact, ContactManager.Repository, Version=1.0.0.0, Culture=neutral, PublicKeyToken=null]]'.
2021-06-20 11:29:34.705 -06:00 [INF] Executed action ContactManager.API.Controllers.ContactController.Get (ContactManager.API) in 31.3402ms
2021-06-20 11:29:34.707 -06:00 [INF] Executed endpoint 'ContactManager.API.Controllers.ContactController.Get (ContactManager.API)'
2021-06-20 11:29:34.710 -06:00 [INF] Request finished HTTP/1.1 GET http://localhost:44308/Contact - - - 200 - application/json;+charset=utf-8 111.3073ms
2021-06-20 11:29:34.883 -06:00 [INF] Request starting HTTP/1.1 GET http://localhost:44308/Contact/ID/1 - -
2021-06-20 11:29:34.885 -06:00 [INF] Executing endpoint 'ContactManager.API.Controllers.ContactController.GetById (ContactManager.API)'
2021-06-20 11:29:34.893 -06:00 [INF] Route matched with {action = "GetById", controller = "Contact"}. Executing controller action with signature System.Threading.Tasks.Task`1[ContactManager.Repository.Models.Contact] GetById(Int32) on controller ContactManager.API.Controllers.ContactController (ContactManager.API).
2021-06-20 11:29:34.900 -06:00 [INF] Executing ObjectResult, writing value of type 'ContactManager.Repository.Models.Contact'.
2021-06-20 11:29:34.900 -06:00 [INF] Executed action ContactManager.API.Controllers.ContactController.GetById (ContactManager.API) in 6.9312ms
2021-06-20 11:29:34.900 -06:00 [INF] Executed endpoint 'ContactManager.API.Controllers.ContactController.GetById (ContactManager.API)'
2021-06-20 11:29:34.901 -06:00 [INF] Request finished HTTP/1.1 GET http://localhost:44308/Contact/ID/1 - - - 200 - application/json;+charset=utf-8 17.7353ms
2021-06-20 11:29:34.906 -06:00 [INF] Request starting HTTP/1.1 GET http://localhost:44308/Company?isActive=True - -
2021-06-20 11:29:34.907 -06:00 [INF] Executing endpoint 'ContactManager.API.Controllers.CompanyController.Get (ContactManager.API)'
2021-06-20 11:29:34.909 -06:00 [INF] Route matched with {action = "Get", controller = "Company"}. Executing controller action with signature System.Threading.Tasks.Task`1[System.Collections.Generic.IEnumerable`1[ContactManager.Repository.Models.Company]] Get(Boolean) on controller ContactManager.API.Controllers.CompanyController (ContactManager.API).
2021-06-20 11:29:34.912 -06:00 [INF] Executing ObjectResult, writing value of type 'System.Linq.OrderedEnumerable`2[[ContactManager.Repository.Models.Company, ContactManager.Repository, Version=1.0.0.0, Culture=neutral, PublicKeyToken=null],[System.String, System.Private.CoreLib, Version=5.0.0.0, Culture=neutral, PublicKeyToken=7cec85d7bea7798e]]'.
2021-06-20 11:29:34.915 -06:00 [INF] Executed action ContactManager.API.Controllers.CompanyController.Get (ContactManager.API) in 6.0645ms
2021-06-20 11:29:34.915 -06:00 [INF] Executed endpoint 'ContactManager.API.Controllers.CompanyController.Get (ContactManager.API)'
2021-06-20 11:29:34.916 -06:00 [INF] Request finished HTTP/1.1 GET http://localhost:44308/Company?isActive=True - - - 200 - application/json;+charset=utf-8 9.4476ms
2021-06-20 11:29:34.932 -06:00 [INF] Request starting HTTP/1.1 GET http://localhost:44308/Contact/ID/0 - -
2021-06-20 11:29:34.933 -06:00 [INF] Executing endpoint 'ContactManager.API.Controllers.ContactController.GetById (ContactManager.API)'
2021-06-20 11:29:34.933 -06:00 [INF] Route matched with {action = "GetById", controller = "Contact"}. Executing controller action with signature System.Threading.Tasks.Task`1[ContactManager.Repository.Models.Contact] GetById(Int32) on controller ContactManager.API.Controllers.ContactController (ContactManager.API).
2021-06-20 11:29:34.934 -06:00 [INF] Executing ObjectResult, writing value of type 'null'.
2021-06-20 11:29:34.934 -06:00 [INF] Executed action ContactManager.API.Controllers.ContactController.GetById (ContactManager.API) in 0.6265ms
2021-06-20 11:29:34.934 -06:00 [INF] Executed endpoint 'ContactManager.API.Controllers.ContactController.GetById (ContactManager.API)'
2021-06-20 11:29:34.935 -06:00 [INF] Request finished HTTP/1.1 GET http://localhost:44308/Contact/ID/0 - - - 204 0 - 2.1039ms
2021-06-20 11:29:34.980 -06:00 [INF] Request starting HTTP/1.1 PUT http://localhost:44308/Contact/Update application/json;+charset=utf-8 159
2021-06-20 11:29:34.980 -06:00 [INF] Executing endpoint 'ContactManager.API.Controllers.ContactController.UpdateContact (ContactManager.API)'
2021-06-20 11:29:34.983 -06:00 [INF] Route matched with {action = "UpdateContact", controller = "Contact"}. Executing controller action with signature System.Threading.Tasks.Task`1[Microsoft.AspNetCore.Mvc.ActionResult`1[ContactManager.Repository.Models.RequestResult`1[ContactManager.Repository.Models.Contact]]] UpdateContact(ContactManager.Repository.Models.Contact) on controller ContactManager.API.Controllers.ContactController (ContactManager.API).
2021-06-20 11:29:34.993 -06:00 [INF] Executing ObjectResult, writing value of type 'ContactManager.Repository.Models.RequestResult`1[[ContactManager.Repository.Models.Contact, ContactManager.Repository, Version=1.0.0.0, Culture=neutral, PublicKeyToken=null]]'.
2021-06-20 11:29:34.997 -06:00 [INF] Executed action ContactManager.API.Controllers.ContactController.UpdateContact (ContactManager.API) in 13.8344ms
2021-06-20 11:29:34.997 -06:00 [INF] Executed endpoint 'ContactManager.API.Controllers.ContactController.UpdateContact (ContactManager.API)'
2021-06-20 11:29:34.997 -06:00 [INF] Request finished HTTP/1.1 PUT http://localhost:44308/Contact/Update application/json;+charset=utf-8 159 - 200 - application/json;+charset=utf-8 17.4085ms
2021-06-20 11:29:35.007 -06:00 [INF] Request starting HTTP/1.1 PUT http://localhost:44308/Contact/Update application/json;+charset=utf-8 209
2021-06-20 11:29:35.008 -06:00 [INF] Executing endpoint 'ContactManager.API.Controllers.ContactController.UpdateContact (ContactManager.API)'
2021-06-20 11:29:35.008 -06:00 [INF] Route matched with {action = "UpdateContact", controller = "Contact"}. Executing controller action with signature System.Threading.Tasks.Task`1[Microsoft.AspNetCore.Mvc.ActionResult`1[ContactManager.Repository.Models.RequestResult`1[ContactManager.Repository.Models.Contact]]] UpdateContact(ContactManager.Repository.Models.Contact) on controller ContactManager.API.Controllers.ContactController (ContactManager.API).
2021-06-20 11:29:35.010 -06:00 [INF] Executing ObjectResult, writing value of type 'ContactManager.Repository.Models.RequestResult`1[[ContactManager.Repository.Models.Contact, ContactManager.Repository, Version=1.0.0.0, Culture=neutral, PublicKeyToken=null]]'.
2021-06-20 11:29:35.010 -06:00 [INF] Executed action ContactManager.API.Controllers.ContactController.UpdateContact (ContactManager.API) in 2.113ms
2021-06-20 11:29:35.010 -06:00 [INF] Executed endpoint 'ContactManager.API.Controllers.ContactController.UpdateContact (ContactManager.API)'
2021-06-20 11:29:35.010 -06:00 [INF] Request finished HTTP/1.1 PUT http://localhost:44308/Contact/Update application/json;+charset=utf-8 209 - 200 - application/json;+charset=utf-8 2.8548ms
2021-06-20 11:29:35.016 -06:00 [INF] Request starting HTTP/1.1 PUT http://localhost:44308/Contact/Update application/json;+charset=utf-8 159
2021-06-20 11:29:35.017 -06:00 [INF] Executing endpoint 'ContactManager.API.Controllers.ContactController.UpdateContact (ContactManager.API)'
2021-06-20 11:29:35.017 -06:00 [INF] Route matched with {action = "UpdateContact", controller = "Contact"}. Executing controller action with signature System.Threading.Tasks.Task`1[Microsoft.AspNetCore.Mvc.ActionResult`1[ContactManager.Repository.Models.RequestResult`1[ContactManager.Repository.Models.Contact]]] UpdateContact(ContactManager.Repository.Models.Contact) on controller ContactManager.API.Controllers.ContactController (ContactManager.API).
2021-06-20 11:29:35.017 -06:00 [INF] Executing ObjectResult, writing value of type 'ContactManager.Repository.Models.RequestResult`1[[ContactManager.Repository.Models.Contact, ContactManager.Repository, Version=1.0.0.0, Culture=neutral, PublicKeyToken=null]]'.
2021-06-20 11:29:35.017 -06:00 [INF] Executed action ContactManager.API.Controllers.ContactController.UpdateContact (ContactManager.API) in 0.4009ms
2021-06-20 11:29:35.017 -06:00 [INF] Executed endpoint 'ContactManager.API.Controllers.ContactController.UpdateContact (ContactManager.API)'
2021-06-20 11:29:35.017 -06:00 [INF] Request finished HTTP/1.1 PUT http://localhost:44308/Contact/Update application/json;+charset=utf-8 159 - 200 - application/json;+charset=utf-8 1.0733ms
2021-06-20 11:29:35.022 -06:00 [INF] Request starting HTTP/1.1 PUT http://localhost:44308/Contact/Update application/json;+charset=utf-8 209
2021-06-20 11:29:35.023 -06:00 [INF] Executing endpoint 'ContactManager.API.Controllers.ContactController.UpdateContact (ContactManager.API)'
2021-06-20 11:29:35.023 -06:00 [INF] Route matched with {action = "UpdateContact", controller = "Contact"}. Executing controller action with signature System.Threading.Tasks.Task`1[Microsoft.AspNetCore.Mvc.ActionResult`1[ContactManager.Repository.Models.RequestResult`1[ContactManager.Repository.Models.Contact]]] UpdateContact(ContactManager.Repository.Models.Contact) on controller ContactManager.API.Controllers.ContactController (ContactManager.API).
2021-06-20 11:29:35.025 -06:00 [INF] Executing ObjectResult, writing value of type 'ContactManager.Repository.Models.RequestResult`1[[ContactManager.Repository.Models.Contact, ContactManager.Repository, Version=1.0.0.0, Culture=neutral, PublicKeyToken=null]]'.
2021-06-20 11:29:35.025 -06:00 [INF] Executed action ContactManager.API.Controllers.ContactController.UpdateContact (ContactManager.API) in 1.8324ms
2021-06-20 11:29:35.025 -06:00 [INF] Executed endpoint 'ContactManager.API.Controllers.ContactController.UpdateContact (ContactManager.API)'
2021-06-20 11:29:35.025 -06:00 [INF] Request finished HTTP/1.1 PUT http://localhost:44308/Contact/Update application/json;+charset=utf-8 209 - 200 - application/json;+charset=utf-8 2.5714ms
